<?xml version="1.0" encoding="UTF-8"?>
<testsuite xmlns:xsi="http://www.w3.org/2001/XMLSchema-instance" xsi:noNamespaceSchemaLocation="https://maven.apache.org/surefire/maven-surefire-plugin/xsd/surefire-test-report-3.0.xsd" version="3.0" name="com.tus.product.ProductE2ETest" time="5.104" tests="3" errors="0" skipped="0" failures="0">
  <properties>
    <property name="java.specification.version" value="23"/>
    <property name="sun.jnu.encoding" value="UTF-8"/>
    <property name="java.class.path" value="/Users/rushikesh/Desktop/Microservices/productservice/target/test-classes:/Users/rushikesh/Desktop/Microservices/productservice/target/classes:/Users/rushikesh/.m2/repository/org/springframework/boot/spring-boot-starter-actuator/3.1.4/spring-boot-starter-actuator-3.1.4.jar:/Users/rushikesh/.m2/repository/org/springframework/boot/spring-boot-starter/3.1.4/spring-boot-starter-3.1.4.jar:/Users/rushikesh/.m2/repository/org/springframework/boot/spring-boot-starter-logging/3.1.4/spring-boot-starter-logging-3.1.4.jar:/Users/rushikesh/.m2/repository/ch/qos/logback/logback-classic/1.4.11/logback-classic-1.4.11.jar:/Users/rushikesh/.m2/repository/ch/qos/logback/logback-core/1.4.11/logback-core-1.4.11.jar:/Users/rushikesh/.m2/repository/org/apache/logging/log4j/log4j-to-slf4j/2.20.0/log4j-to-slf4j-2.20.0.jar:/Users/rushikesh/.m2/repository/org/apache/logging/log4j/log4j-api/2.20.0/log4j-api-2.20.0.jar:/Users/rushikesh/.m2/repository/org/slf4j/jul-to-slf4j/2.0.9/jul-to-slf4j-2.0.9.jar:/Users/rushikesh/.m2/repository/jakarta/annotation/jakarta.annotation-api/2.1.1/jakarta.annotation-api-2.1.1.jar:/Users/rushikesh/.m2/repository/org/yaml/snakeyaml/1.33/snakeyaml-1.33.jar:/Users/rushikesh/.m2/repository/org/springframework/boot/spring-boot-actuator-autoconfigure/3.1.4/spring-boot-actuator-autoconfigure-3.1.4.jar:/Users/rushikesh/.m2/repository/org/springframework/boot/spring-boot-actuator/3.1.4/spring-boot-actuator-3.1.4.jar:/Users/rushikesh/.m2/repository/com/fasterxml/jackson/core/jackson-databind/2.15.2/jackson-databind-2.15.2.jar:/Users/rushikesh/.m2/repository/com/fasterxml/jackson/core/jackson-annotations/2.15.2/jackson-annotations-2.15.2.jar:/Users/rushikesh/.m2/repository/com/fasterxml/jackson/core/jackson-core/2.15.2/jackson-core-2.15.2.jar:/Users/rushikesh/.m2/repository/com/fasterxml/jackson/datatype/jackson-datatype-jsr310/2.15.2/jackson-datatype-jsr310-2.15.2.jar:/Users/rushikesh/.m2/repository/io/micrometer/micrometer-observation/1.11.4/micrometer-observation-1.11.4.jar:/Users/rushikesh/.m2/repository/io/micrometer/micrometer-commons/1.11.4/micrometer-commons-1.11.4.jar:/Users/rushikesh/.m2/repository/io/micrometer/micrometer-core/1.11.4/micrometer-core-1.11.4.jar:/Users/rushikesh/.m2/repository/org/hdrhistogram/HdrHistogram/2.1.12/HdrHistogram-2.1.12.jar:/Users/rushikesh/.m2/repository/org/latencyutils/LatencyUtils/2.0.3/LatencyUtils-2.0.3.jar:/Users/rushikesh/.m2/repository/org/springframework/boot/spring-boot-starter-data-jpa/3.1.4/spring-boot-starter-data-jpa-3.1.4.jar:/Users/rushikesh/.m2/repository/org/springframework/boot/spring-boot-starter-aop/3.1.4/spring-boot-starter-aop-3.1.4.jar:/Users/rushikesh/.m2/repository/org/springframework/spring-aop/6.0.12/spring-aop-6.0.12.jar:/Users/rushikesh/.m2/repository/org/aspectj/aspectjweaver/1.9.20/aspectjweaver-1.9.20.jar:/Users/rushikesh/.m2/repository/org/springframework/boot/spring-boot-starter-jdbc/3.1.4/spring-boot-starter-jdbc-3.1.4.jar:/Users/rushikesh/.m2/repository/com/zaxxer/HikariCP/5.0.1/HikariCP-5.0.1.jar:/Users/rushikesh/.m2/repository/org/springframework/spring-jdbc/6.0.12/spring-jdbc-6.0.12.jar:/Users/rushikesh/.m2/repository/org/hibernate/orm/hibernate-core/6.2.9.Final/hibernate-core-6.2.9.Final.jar:/Users/rushikesh/.m2/repository/jakarta/persistence/jakarta.persistence-api/3.1.0/jakarta.persistence-api-3.1.0.jar:/Users/rushikesh/.m2/repository/jakarta/transaction/jakarta.transaction-api/2.0.1/jakarta.transaction-api-2.0.1.jar:/Users/rushikesh/.m2/repository/org/jboss/logging/jboss-logging/3.5.3.Final/jboss-logging-3.5.3.Final.jar:/Users/rushikesh/.m2/repository/org/hibernate/common/hibernate-commons-annotations/6.0.6.Final/hibernate-commons-annotations-6.0.6.Final.jar:/Users/rushikesh/.m2/repository/io/smallrye/jandex/3.0.5/jandex-3.0.5.jar:/Users/rushikesh/.m2/repository/com/fasterxml/classmate/1.5.1/classmate-1.5.1.jar:/Users/rushikesh/.m2/repository/net/bytebuddy/byte-buddy/1.14.8/byte-buddy-1.14.8.jar:/Users/rushikesh/.m2/repository/org/glassfish/jaxb/jaxb-runtime/4.0.3/jaxb-runtime-4.0.3.jar:/Users/rushikesh/.m2/repository/org/glassfish/jaxb/jaxb-core/4.0.3/jaxb-core-4.0.3.jar:/Users/rushikesh/.m2/repository/org/eclipse/angus/angus-activation/2.0.1/angus-activation-2.0.1.jar:/Users/rushikesh/.m2/repository/org/glassfish/jaxb/txw2/4.0.3/txw2-4.0.3.jar:/Users/rushikesh/.m2/repository/com/sun/istack/istack-commons-runtime/4.1.2/istack-commons-runtime-4.1.2.jar:/Users/rushikesh/.m2/repository/jakarta/inject/jakarta.inject-api/2.0.1/jakarta.inject-api-2.0.1.jar:/Users/rushikesh/.m2/repository/org/antlr/antlr4-runtime/4.10.1/antlr4-runtime-4.10.1.jar:/Users/rushikesh/.m2/repository/org/springframework/data/spring-data-jpa/3.1.4/spring-data-jpa-3.1.4.jar:/Users/rushikesh/.m2/repository/org/springframework/data/spring-data-commons/3.1.4/spring-data-commons-3.1.4.jar:/Users/rushikesh/.m2/repository/org/springframework/spring-orm/6.0.12/spring-orm-6.0.12.jar:/Users/rushikesh/.m2/repository/org/springframework/spring-context/6.0.12/spring-context-6.0.12.jar:/Users/rushikesh/.m2/repository/org/springframework/spring-tx/6.0.12/spring-tx-6.0.12.jar:/Users/rushikesh/.m2/repository/org/springframework/spring-beans/6.0.12/spring-beans-6.0.12.jar:/Users/rushikesh/.m2/repository/org/slf4j/slf4j-api/2.0.9/slf4j-api-2.0.9.jar:/Users/rushikesh/.m2/repository/org/springframework/spring-aspects/6.0.12/spring-aspects-6.0.12.jar:/Users/rushikesh/.m2/repository/com/h2database/h2/2.1.214/h2-2.1.214.jar:/Users/rushikesh/.m2/repository/org/springframework/boot/spring-boot-starter-validation/3.1.4/spring-boot-starter-validation-3.1.4.jar:/Users/rushikesh/.m2/repository/org/apache/tomcat/embed/tomcat-embed-el/10.1.13/tomcat-embed-el-10.1.13.jar:/Users/rushikesh/.m2/repository/org/hibernate/validator/hibernate-validator/8.0.1.Final/hibernate-validator-8.0.1.Final.jar:/Users/rushikesh/.m2/repository/jakarta/validation/jakarta.validation-api/3.0.2/jakarta.validation-api-3.0.2.jar:/Users/rushikesh/.m2/repository/org/springframework/boot/spring-boot-starter-web/3.1.4/spring-boot-starter-web-3.1.4.jar:/Users/rushikesh/.m2/repository/org/springframework/boot/spring-boot-starter-json/3.1.4/spring-boot-starter-json-3.1.4.jar:/Users/rushikesh/.m2/repository/com/fasterxml/jackson/datatype/jackson-datatype-jdk8/2.15.2/jackson-datatype-jdk8-2.15.2.jar:/Users/rushikesh/.m2/repository/com/fasterxml/jackson/module/jackson-module-parameter-names/2.15.2/jackson-module-parameter-names-2.15.2.jar:/Users/rushikesh/.m2/repository/org/springframework/boot/spring-boot-starter-tomcat/3.1.4/spring-boot-starter-tomcat-3.1.4.jar:/Users/rushikesh/.m2/repository/org/apache/tomcat/embed/tomcat-embed-core/10.1.13/tomcat-embed-core-10.1.13.jar:/Users/rushikesh/.m2/repository/org/apache/tomcat/embed/tomcat-embed-websocket/10.1.13/tomcat-embed-websocket-10.1.13.jar:/Users/rushikesh/.m2/repository/org/springframework/spring-web/6.0.12/spring-web-6.0.12.jar:/Users/rushikesh/.m2/repository/org/springframework/spring-webmvc/6.0.12/spring-webmvc-6.0.12.jar:/Users/rushikesh/.m2/repository/org/springframework/spring-expression/6.0.12/spring-expression-6.0.12.jar:/Users/rushikesh/.m2/repository/org/springframework/boot/spring-boot-devtools/3.1.4/spring-boot-devtools-3.1.4.jar:/Users/rushikesh/.m2/repository/org/springframework/boot/spring-boot/3.1.4/spring-boot-3.1.4.jar:/Users/rushikesh/.m2/repository/org/springframework/boot/spring-boot-autoconfigure/3.1.4/spring-boot-autoconfigure-3.1.4.jar:/Users/rushikesh/.m2/repository/org/projectlombok/lombok/1.18.30/lombok-1.18.30.jar:/Users/rushikesh/.m2/repository/org/springframework/boot/spring-boot-starter-test/3.1.4/spring-boot-starter-test-3.1.4.jar:/Users/rushikesh/.m2/repository/org/springframework/boot/spring-boot-test/3.1.4/spring-boot-test-3.1.4.jar:/Users/rushikesh/.m2/repository/org/springframework/boot/spring-boot-test-autoconfigure/3.1.4/spring-boot-test-autoconfigure-3.1.4.jar:/Users/rushikesh/.m2/repository/com/jayway/jsonpath/json-path/2.8.0/json-path-2.8.0.jar:/Users/rushikesh/.m2/repository/jakarta/xml/bind/jakarta.xml.bind-api/4.0.1/jakarta.xml.bind-api-4.0.1.jar:/Users/rushikesh/.m2/repository/jakarta/activation/jakarta.activation-api/2.1.2/jakarta.activation-api-2.1.2.jar:/Users/rushikesh/.m2/repository/net/minidev/json-smart/2.4.11/json-smart-2.4.11.jar:/Users/rushikesh/.m2/repository/net/minidev/accessors-smart/2.4.11/accessors-smart-2.4.11.jar:/Users/rushikesh/.m2/repository/org/ow2/asm/asm/9.3/asm-9.3.jar:/Users/rushikesh/.m2/repository/org/assertj/assertj-core/3.24.2/assertj-core-3.24.2.jar:/Users/rushikesh/.m2/repository/org/hamcrest/hamcrest/2.2/hamcrest-2.2.jar:/Users/rushikesh/.m2/repository/org/junit/jupiter/junit-jupiter/5.9.3/junit-jupiter-5.9.3.jar:/Users/rushikesh/.m2/repository/org/junit/jupiter/junit-jupiter-api/5.9.3/junit-jupiter-api-5.9.3.jar:/Users/rushikesh/.m2/repository/org/opentest4j/opentest4j/1.2.0/opentest4j-1.2.0.jar:/Users/rushikesh/.m2/repository/org/junit/platform/junit-platform-commons/1.9.3/junit-platform-commons-1.9.3.jar:/Users/rushikesh/.m2/repository/org/apiguardian/apiguardian-api/1.1.2/apiguardian-api-1.1.2.jar:/Users/rushikesh/.m2/repository/org/junit/jupiter/junit-jupiter-params/5.9.3/junit-jupiter-params-5.9.3.jar:/Users/rushikesh/.m2/repository/org/junit/jupiter/junit-jupiter-engine/5.9.3/junit-jupiter-engine-5.9.3.jar:/Users/rushikesh/.m2/repository/org/junit/platform/junit-platform-engine/1.9.3/junit-platform-engine-1.9.3.jar:/Users/rushikesh/.m2/repository/org/mockito/mockito-core/5.3.1/mockito-core-5.3.1.jar:/Users/rushikesh/.m2/repository/net/bytebuddy/byte-buddy-agent/1.14.8/byte-buddy-agent-1.14.8.jar:/Users/rushikesh/.m2/repository/org/objenesis/objenesis/3.3/objenesis-3.3.jar:/Users/rushikesh/.m2/repository/org/mockito/mockito-junit-jupiter/5.3.1/mockito-junit-jupiter-5.3.1.jar:/Users/rushikesh/.m2/repository/org/skyscreamer/jsonassert/1.5.1/jsonassert-1.5.1.jar:/Users/rushikesh/.m2/repository/com/vaadin/external/google/android-json/0.0.20131108.vaadin1/android-json-0.0.20131108.vaadin1.jar:/Users/rushikesh/.m2/repository/org/springframework/spring-core/6.0.12/spring-core-6.0.12.jar:/Users/rushikesh/.m2/repository/org/springframework/spring-jcl/6.0.12/spring-jcl-6.0.12.jar:/Users/rushikesh/.m2/repository/org/springframework/spring-test/6.0.12/spring-test-6.0.12.jar:/Users/rushikesh/.m2/repository/org/xmlunit/xmlunit-core/2.9.1/xmlunit-core-2.9.1.jar:"/>
    <property name="java.vm.vendor" value="Homebrew"/>
    <property name="sun.arch.data.model" value="64"/>
    <property name="catalina.useNaming" value="false"/>
    <property name="java.vendor.url" value="https://github.com/Homebrew/homebrew-core/issues"/>
    <property name="user.timezone" value="Europe/Dublin"/>
    <property name="org.jboss.logging.provider" value="slf4j"/>
    <property name="os.name" value="Mac OS X"/>
    <property name="java.vm.specification.version" value="23"/>
    <property name="sun.java.launcher" value="SUN_STANDARD"/>
    <property name="user.country" value="US"/>
    <property name="sun.boot.library.path" value="/opt/homebrew/Cellar/openjdk/23.0.2/libexec/openjdk.jdk/Contents/Home/lib"/>
    <property name="sun.java.command" value="/Users/rushikesh/Desktop/Microservices/productservice/target/surefire/surefirebooter-20250407183715344_3.jar /Users/rushikesh/Desktop/Microservices/productservice/target/surefire 2025-04-07T18-37-15_300-jvmRun1 surefire-20250407183715344_1tmp surefire_0-20250407183715344_2tmp"/>
    <property name="http.nonProxyHosts" value="local|*.local|169.254/16|*.169.254/16"/>
    <property name="jdk.debug" value="release"/>
    <property name="surefire.test.class.path" value="/Users/rushikesh/Desktop/Microservices/productservice/target/test-classes:/Users/rushikesh/Desktop/Microservices/productservice/target/classes:/Users/rushikesh/.m2/repository/org/springframework/boot/spring-boot-starter-actuator/3.1.4/spring-boot-starter-actuator-3.1.4.jar:/Users/rushikesh/.m2/repository/org/springframework/boot/spring-boot-starter/3.1.4/spring-boot-starter-3.1.4.jar:/Users/rushikesh/.m2/repository/org/springframework/boot/spring-boot-starter-logging/3.1.4/spring-boot-starter-logging-3.1.4.jar:/Users/rushikesh/.m2/repository/ch/qos/logback/logback-classic/1.4.11/logback-classic-1.4.11.jar:/Users/rushikesh/.m2/repository/ch/qos/logback/logback-core/1.4.11/logback-core-1.4.11.jar:/Users/rushikesh/.m2/repository/org/apache/logging/log4j/log4j-to-slf4j/2.20.0/log4j-to-slf4j-2.20.0.jar:/Users/rushikesh/.m2/repository/org/apache/logging/log4j/log4j-api/2.20.0/log4j-api-2.20.0.jar:/Users/rushikesh/.m2/repository/org/slf4j/jul-to-slf4j/2.0.9/jul-to-slf4j-2.0.9.jar:/Users/rushikesh/.m2/repository/jakarta/annotation/jakarta.annotation-api/2.1.1/jakarta.annotation-api-2.1.1.jar:/Users/rushikesh/.m2/repository/org/yaml/snakeyaml/1.33/snakeyaml-1.33.jar:/Users/rushikesh/.m2/repository/org/springframework/boot/spring-boot-actuator-autoconfigure/3.1.4/spring-boot-actuator-autoconfigure-3.1.4.jar:/Users/rushikesh/.m2/repository/org/springframework/boot/spring-boot-actuator/3.1.4/spring-boot-actuator-3.1.4.jar:/Users/rushikesh/.m2/repository/com/fasterxml/jackson/core/jackson-databind/2.15.2/jackson-databind-2.15.2.jar:/Users/rushikesh/.m2/repository/com/fasterxml/jackson/core/jackson-annotations/2.15.2/jackson-annotations-2.15.2.jar:/Users/rushikesh/.m2/repository/com/fasterxml/jackson/core/jackson-core/2.15.2/jackson-core-2.15.2.jar:/Users/rushikesh/.m2/repository/com/fasterxml/jackson/datatype/jackson-datatype-jsr310/2.15.2/jackson-datatype-jsr310-2.15.2.jar:/Users/rushikesh/.m2/repository/io/micrometer/micrometer-observation/1.11.4/micrometer-observation-1.11.4.jar:/Users/rushikesh/.m2/repository/io/micrometer/micrometer-commons/1.11.4/micrometer-commons-1.11.4.jar:/Users/rushikesh/.m2/repository/io/micrometer/micrometer-core/1.11.4/micrometer-core-1.11.4.jar:/Users/rushikesh/.m2/repository/org/hdrhistogram/HdrHistogram/2.1.12/HdrHistogram-2.1.12.jar:/Users/rushikesh/.m2/repository/org/latencyutils/LatencyUtils/2.0.3/LatencyUtils-2.0.3.jar:/Users/rushikesh/.m2/repository/org/springframework/boot/spring-boot-starter-data-jpa/3.1.4/spring-boot-starter-data-jpa-3.1.4.jar:/Users/rushikesh/.m2/repository/org/springframework/boot/spring-boot-starter-aop/3.1.4/spring-boot-starter-aop-3.1.4.jar:/Users/rushikesh/.m2/repository/org/springframework/spring-aop/6.0.12/spring-aop-6.0.12.jar:/Users/rushikesh/.m2/repository/org/aspectj/aspectjweaver/1.9.20/aspectjweaver-1.9.20.jar:/Users/rushikesh/.m2/repository/org/springframework/boot/spring-boot-starter-jdbc/3.1.4/spring-boot-starter-jdbc-3.1.4.jar:/Users/rushikesh/.m2/repository/com/zaxxer/HikariCP/5.0.1/HikariCP-5.0.1.jar:/Users/rushikesh/.m2/repository/org/springframework/spring-jdbc/6.0.12/spring-jdbc-6.0.12.jar:/Users/rushikesh/.m2/repository/org/hibernate/orm/hibernate-core/6.2.9.Final/hibernate-core-6.2.9.Final.jar:/Users/rushikesh/.m2/repository/jakarta/persistence/jakarta.persistence-api/3.1.0/jakarta.persistence-api-3.1.0.jar:/Users/rushikesh/.m2/repository/jakarta/transaction/jakarta.transaction-api/2.0.1/jakarta.transaction-api-2.0.1.jar:/Users/rushikesh/.m2/repository/org/jboss/logging/jboss-logging/3.5.3.Final/jboss-logging-3.5.3.Final.jar:/Users/rushikesh/.m2/repository/org/hibernate/common/hibernate-commons-annotations/6.0.6.Final/hibernate-commons-annotations-6.0.6.Final.jar:/Users/rushikesh/.m2/repository/io/smallrye/jandex/3.0.5/jandex-3.0.5.jar:/Users/rushikesh/.m2/repository/com/fasterxml/classmate/1.5.1/classmate-1.5.1.jar:/Users/rushikesh/.m2/repository/net/bytebuddy/byte-buddy/1.14.8/byte-buddy-1.14.8.jar:/Users/rushikesh/.m2/repository/org/glassfish/jaxb/jaxb-runtime/4.0.3/jaxb-runtime-4.0.3.jar:/Users/rushikesh/.m2/repository/org/glassfish/jaxb/jaxb-core/4.0.3/jaxb-core-4.0.3.jar:/Users/rushikesh/.m2/repository/org/eclipse/angus/angus-activation/2.0.1/angus-activation-2.0.1.jar:/Users/rushikesh/.m2/repository/org/glassfish/jaxb/txw2/4.0.3/txw2-4.0.3.jar:/Users/rushikesh/.m2/repository/com/sun/istack/istack-commons-runtime/4.1.2/istack-commons-runtime-4.1.2.jar:/Users/rushikesh/.m2/repository/jakarta/inject/jakarta.inject-api/2.0.1/jakarta.inject-api-2.0.1.jar:/Users/rushikesh/.m2/repository/org/antlr/antlr4-runtime/4.10.1/antlr4-runtime-4.10.1.jar:/Users/rushikesh/.m2/repository/org/springframework/data/spring-data-jpa/3.1.4/spring-data-jpa-3.1.4.jar:/Users/rushikesh/.m2/repository/org/springframework/data/spring-data-commons/3.1.4/spring-data-commons-3.1.4.jar:/Users/rushikesh/.m2/repository/org/springframework/spring-orm/6.0.12/spring-orm-6.0.12.jar:/Users/rushikesh/.m2/repository/org/springframework/spring-context/6.0.12/spring-context-6.0.12.jar:/Users/rushikesh/.m2/repository/org/springframework/spring-tx/6.0.12/spring-tx-6.0.12.jar:/Users/rushikesh/.m2/repository/org/springframework/spring-beans/6.0.12/spring-beans-6.0.12.jar:/Users/rushikesh/.m2/repository/org/slf4j/slf4j-api/2.0.9/slf4j-api-2.0.9.jar:/Users/rushikesh/.m2/repository/org/springframework/spring-aspects/6.0.12/spring-aspects-6.0.12.jar:/Users/rushikesh/.m2/repository/com/h2database/h2/2.1.214/h2-2.1.214.jar:/Users/rushikesh/.m2/repository/org/springframework/boot/spring-boot-starter-validation/3.1.4/spring-boot-starter-validation-3.1.4.jar:/Users/rushikesh/.m2/repository/org/apache/tomcat/embed/tomcat-embed-el/10.1.13/tomcat-embed-el-10.1.13.jar:/Users/rushikesh/.m2/repository/org/hibernate/validator/hibernate-validator/8.0.1.Final/hibernate-validator-8.0.1.Final.jar:/Users/rushikesh/.m2/repository/jakarta/validation/jakarta.validation-api/3.0.2/jakarta.validation-api-3.0.2.jar:/Users/rushikesh/.m2/repository/org/springframework/boot/spring-boot-starter-web/3.1.4/spring-boot-starter-web-3.1.4.jar:/Users/rushikesh/.m2/repository/org/springframework/boot/spring-boot-starter-json/3.1.4/spring-boot-starter-json-3.1.4.jar:/Users/rushikesh/.m2/repository/com/fasterxml/jackson/datatype/jackson-datatype-jdk8/2.15.2/jackson-datatype-jdk8-2.15.2.jar:/Users/rushikesh/.m2/repository/com/fasterxml/jackson/module/jackson-module-parameter-names/2.15.2/jackson-module-parameter-names-2.15.2.jar:/Users/rushikesh/.m2/repository/org/springframework/boot/spring-boot-starter-tomcat/3.1.4/spring-boot-starter-tomcat-3.1.4.jar:/Users/rushikesh/.m2/repository/org/apache/tomcat/embed/tomcat-embed-core/10.1.13/tomcat-embed-core-10.1.13.jar:/Users/rushikesh/.m2/repository/org/apache/tomcat/embed/tomcat-embed-websocket/10.1.13/tomcat-embed-websocket-10.1.13.jar:/Users/rushikesh/.m2/repository/org/springframework/spring-web/6.0.12/spring-web-6.0.12.jar:/Users/rushikesh/.m2/repository/org/springframework/spring-webmvc/6.0.12/spring-webmvc-6.0.12.jar:/Users/rushikesh/.m2/repository/org/springframework/spring-expression/6.0.12/spring-expression-6.0.12.jar:/Users/rushikesh/.m2/repository/org/springframework/boot/spring-boot-devtools/3.1.4/spring-boot-devtools-3.1.4.jar:/Users/rushikesh/.m2/repository/org/springframework/boot/spring-boot/3.1.4/spring-boot-3.1.4.jar:/Users/rushikesh/.m2/repository/org/springframework/boot/spring-boot-autoconfigure/3.1.4/spring-boot-autoconfigure-3.1.4.jar:/Users/rushikesh/.m2/repository/org/projectlombok/lombok/1.18.30/lombok-1.18.30.jar:/Users/rushikesh/.m2/repository/org/springframework/boot/spring-boot-starter-test/3.1.4/spring-boot-starter-test-3.1.4.jar:/Users/rushikesh/.m2/repository/org/springframework/boot/spring-boot-test/3.1.4/spring-boot-test-3.1.4.jar:/Users/rushikesh/.m2/repository/org/springframework/boot/spring-boot-test-autoconfigure/3.1.4/spring-boot-test-autoconfigure-3.1.4.jar:/Users/rushikesh/.m2/repository/com/jayway/jsonpath/json-path/2.8.0/json-path-2.8.0.jar:/Users/rushikesh/.m2/repository/jakarta/xml/bind/jakarta.xml.bind-api/4.0.1/jakarta.xml.bind-api-4.0.1.jar:/Users/rushikesh/.m2/repository/jakarta/activation/jakarta.activation-api/2.1.2/jakarta.activation-api-2.1.2.jar:/Users/rushikesh/.m2/repository/net/minidev/json-smart/2.4.11/json-smart-2.4.11.jar:/Users/rushikesh/.m2/repository/net/minidev/accessors-smart/2.4.11/accessors-smart-2.4.11.jar:/Users/rushikesh/.m2/repository/org/ow2/asm/asm/9.3/asm-9.3.jar:/Users/rushikesh/.m2/repository/org/assertj/assertj-core/3.24.2/assertj-core-3.24.2.jar:/Users/rushikesh/.m2/repository/org/hamcrest/hamcrest/2.2/hamcrest-2.2.jar:/Users/rushikesh/.m2/repository/org/junit/jupiter/junit-jupiter/5.9.3/junit-jupiter-5.9.3.jar:/Users/rushikesh/.m2/repository/org/junit/jupiter/junit-jupiter-api/5.9.3/junit-jupiter-api-5.9.3.jar:/Users/rushikesh/.m2/repository/org/opentest4j/opentest4j/1.2.0/opentest4j-1.2.0.jar:/Users/rushikesh/.m2/repository/org/junit/platform/junit-platform-commons/1.9.3/junit-platform-commons-1.9.3.jar:/Users/rushikesh/.m2/repository/org/apiguardian/apiguardian-api/1.1.2/apiguardian-api-1.1.2.jar:/Users/rushikesh/.m2/repository/org/junit/jupiter/junit-jupiter-params/5.9.3/junit-jupiter-params-5.9.3.jar:/Users/rushikesh/.m2/repository/org/junit/jupiter/junit-jupiter-engine/5.9.3/junit-jupiter-engine-5.9.3.jar:/Users/rushikesh/.m2/repository/org/junit/platform/junit-platform-engine/1.9.3/junit-platform-engine-1.9.3.jar:/Users/rushikesh/.m2/repository/org/mockito/mockito-core/5.3.1/mockito-core-5.3.1.jar:/Users/rushikesh/.m2/repository/net/bytebuddy/byte-buddy-agent/1.14.8/byte-buddy-agent-1.14.8.jar:/Users/rushikesh/.m2/repository/org/objenesis/objenesis/3.3/objenesis-3.3.jar:/Users/rushikesh/.m2/repository/org/mockito/mockito-junit-jupiter/5.3.1/mockito-junit-jupiter-5.3.1.jar:/Users/rushikesh/.m2/repository/org/skyscreamer/jsonassert/1.5.1/jsonassert-1.5.1.jar:/Users/rushikesh/.m2/repository/com/vaadin/external/google/android-json/0.0.20131108.vaadin1/android-json-0.0.20131108.vaadin1.jar:/Users/rushikesh/.m2/repository/org/springframework/spring-core/6.0.12/spring-core-6.0.12.jar:/Users/rushikesh/.m2/repository/org/springframework/spring-jcl/6.0.12/spring-jcl-6.0.12.jar:/Users/rushikesh/.m2/repository/org/springframework/spring-test/6.0.12/spring-test-6.0.12.jar:/Users/rushikesh/.m2/repository/org/xmlunit/xmlunit-core/2.9.1/xmlunit-core-2.9.1.jar:"/>
    <property name="sun.cpu.endian" value="little"/>
    <property name="user.home" value="/Users/rushikesh"/>
    <property name="user.language" value="en"/>
    <property name="java.specification.vendor" value="Oracle Corporation"/>
    <property name="java.version.date" value="2025-01-21"/>
    <property name="java.home" value="/opt/homebrew/Cellar/openjdk/23.0.2/libexec/openjdk.jdk/Contents/Home"/>
    <property name="file.separator" value="/"/>
    <property name="basedir" value="/Users/rushikesh/Desktop/Microservices/productservice"/>
    <property name="java.vm.compressedOopsMode" value="Zero based"/>
    <property name="line.separator" value="&#10;"/>
    <property name="java.vm.specification.vendor" value="Oracle Corporation"/>
    <property name="java.specification.name" value="Java Platform API Specification"/>
    <property name="FILE_LOG_CHARSET" value="UTF-8"/>
    <property name="java.awt.headless" value="true"/>
    <property name="apple.awt.application.name" value="ForkedBooter"/>
    <property name="surefire.real.class.path" value="/Users/rushikesh/Desktop/Microservices/productservice/target/surefire/surefirebooter-20250407183715344_3.jar"/>
    <property name="sun.management.compiler" value="HotSpot 64-Bit Tiered Compilers"/>
    <property name="ftp.nonProxyHosts" value="local|*.local|169.254/16|*.169.254/16"/>
    <property name="java.runtime.version" value="23.0.2"/>
    <property name="user.name" value="rushikesh"/>
    <property name="stdout.encoding" value="UTF-8"/>
    <property name="path.separator" value=":"/>
    <property name="os.version" value="15.4"/>
    <property name="java.runtime.name" value="OpenJDK Runtime Environment"/>
    <property name="file.encoding" value="UTF-8"/>
    <property name="java.vm.name" value="OpenJDK 64-Bit Server VM"/>
    <property name="java.vendor.version" value="Homebrew"/>
    <property name="localRepository" value="/Users/rushikesh/.m2/repository"/>
    <property name="java.vendor.url.bug" value="https://github.com/Homebrew/homebrew-core/issues"/>
    <property name="java.io.tmpdir" value="/var/folders/6b/8hynn7xn6r1dp2dxydthltv80000gn/T/"/>
    <property name="catalina.home" value="/private/var/folders/6b/8hynn7xn6r1dp2dxydthltv80000gn/T/tomcat.0.359882016136287697"/>
    <property name="com.zaxxer.hikari.pool_number" value="3"/>
    <property name="java.version" value="23.0.2"/>
    <property name="user.dir" value="/Users/rushikesh/Desktop/Microservices/productservice"/>
    <property name="os.arch" value="aarch64"/>
    <property name="java.vm.specification.name" value="Java Virtual Machine Specification"/>
    <property name="PID" value="26306"/>
    <property name="CONSOLE_LOG_CHARSET" value="UTF-8"/>
    <property name="catalina.base" value="/private/var/folders/6b/8hynn7xn6r1dp2dxydthltv80000gn/T/tomcat.0.16347500376036590869"/>
    <property name="native.encoding" value="UTF-8"/>
    <property name="java.library.path" value="/Users/rushikesh/Library/Java/Extensions:/Library/Java/Extensions:/Network/Library/Java/Extensions:/System/Library/Java/Extensions:/usr/lib/java:."/>
    <property name="java.vm.info" value="mixed mode, sharing"/>
    <property name="stderr.encoding" value="UTF-8"/>
    <property name="java.vendor" value="Homebrew"/>
    <property name="java.vm.version" value="23.0.2"/>
    <property name="sun.io.unicode.encoding" value="UnicodeBig"/>
    <property name="socksNonProxyHosts" value="local|*.local|169.254/16|*.169.254/16"/>
    <property name="java.class.version" value="67.0"/>
  </properties>
  <testcase name="testCreateProductE2E_WithoutCoupon" classname="com.tus.product.ProductE2ETest" time="0.609">
    <system-out><![CDATA[18:37:16.045 [main] INFO org.springframework.test.context.support.AnnotationConfigContextLoaderUtils -- Could not detect default configuration classes for test class [com.tus.product.ProductE2ETest]: ProductE2ETest does not declare any static, non-private, non-final, nested classes annotated with @Configuration.
18:37:16.123 [main] INFO org.springframework.boot.test.context.SpringBootTestContextBootstrapper -- Found @SpringBootConfiguration com.tus.product.ProductserviceApplication for test class com.tus.product.ProductE2ETest

  .   ____          _            __ _ _
 /\\ / ___'_ __ _ _(_)_ __  __ _ \ \ \ \
( ( )\___ | '_ | '_| | '_ \/ _` | \ \ \ \
 \\/  ___)| |_)| | | | | || (_| |  ) ) ) )
  '  |____| .__|_| |_|_| |_\__, | / / / /
 =========|_|==============|___/=/_/_/_/
&amp#27;[32m :: Spring Boot :: &amp#27;[39m              &amp#27;[2m (v3.1.4)&amp#27;[0;39m

&amp#27;[2m2025-04-07T18:37:16.523+01:00&amp#27;[0;39m &amp#27;[32m INFO&amp#27;[0;39m &amp#27;[35m26306&amp#27;[0;39m &amp#27;[2m---&amp#27;[0;39m &amp#27;[2m[           main]&amp#27;[0;39m &amp#27;[36mcom.tus.product.ProductE2ETest          &amp#27;[0;39m &amp#27;[2m:&amp#27;[0;39m Starting ProductE2ETest using Java 23.0.2 with PID 26306 (started by rushikesh in /Users/rushikesh/Desktop/Microservices/productservice)
&amp#27;[2m2025-04-07T18:37:16.524+01:00&amp#27;[0;39m &amp#27;[32m INFO&amp#27;[0;39m &amp#27;[35m26306&amp#27;[0;39m &amp#27;[2m---&amp#27;[0;39m &amp#27;[2m[           main]&amp#27;[0;39m &amp#27;[36mcom.tus.product.ProductE2ETest          &amp#27;[0;39m &amp#27;[2m:&amp#27;[0;39m No active profile set, falling back to 1 default profile: "default"
&amp#27;[2m2025-04-07T18:37:17.073+01:00&amp#27;[0;39m &amp#27;[32m INFO&amp#27;[0;39m &amp#27;[35m26306&amp#27;[0;39m &amp#27;[2m---&amp#27;[0;39m &amp#27;[2m[           main]&amp#27;[0;39m &amp#27;[36m.s.d.r.c.RepositoryConfigurationDelegate&amp#27;[0;39m &amp#27;[2m:&amp#27;[0;39m Bootstrapping Spring Data JPA repositories in DEFAULT mode.
&amp#27;[2m2025-04-07T18:37:17.109+01:00&amp#27;[0;39m &amp#27;[32m INFO&amp#27;[0;39m &amp#27;[35m26306&amp#27;[0;39m &amp#27;[2m---&amp#27;[0;39m &amp#27;[2m[           main]&amp#27;[0;39m &amp#27;[36m.s.d.r.c.RepositoryConfigurationDelegate&amp#27;[0;39m &amp#27;[2m:&amp#27;[0;39m Finished Spring Data repository scanning in 29 ms. Found 2 JPA repository interfaces.
&amp#27;[2m2025-04-07T18:37:17.513+01:00&amp#27;[0;39m &amp#27;[32m INFO&amp#27;[0;39m &amp#27;[35m26306&amp#27;[0;39m &amp#27;[2m---&amp#27;[0;39m &amp#27;[2m[           main]&amp#27;[0;39m &amp#27;[36mo.s.b.w.embedded.tomcat.TomcatWebServer &amp#27;[0;39m &amp#27;[2m:&amp#27;[0;39m Tomcat initialized with port(s): 0 (http)
&amp#27;[2m2025-04-07T18:37:17.522+01:00&amp#27;[0;39m &amp#27;[32m INFO&amp#27;[0;39m &amp#27;[35m26306&amp#27;[0;39m &amp#27;[2m---&amp#27;[0;39m &amp#27;[2m[           main]&amp#27;[0;39m &amp#27;[36mo.apache.catalina.core.StandardService  &amp#27;[0;39m &amp#27;[2m:&amp#27;[0;39m Starting service [Tomcat]
&amp#27;[2m2025-04-07T18:37:17.522+01:00&amp#27;[0;39m &amp#27;[32m INFO&amp#27;[0;39m &amp#27;[35m26306&amp#27;[0;39m &amp#27;[2m---&amp#27;[0;39m &amp#27;[2m[           main]&amp#27;[0;39m &amp#27;[36mo.apache.catalina.core.StandardEngine   &amp#27;[0;39m &amp#27;[2m:&amp#27;[0;39m Starting Servlet engine: [Apache Tomcat/10.1.13]
&amp#27;[2m2025-04-07T18:37:17.579+01:00&amp#27;[0;39m &amp#27;[32m INFO&amp#27;[0;39m &amp#27;[35m26306&amp#27;[0;39m &amp#27;[2m---&amp#27;[0;39m &amp#27;[2m[           main]&amp#27;[0;39m &amp#27;[36mo.a.c.c.C.[Tomcat].[localhost].[/]      &amp#27;[0;39m &amp#27;[2m:&amp#27;[0;39m Initializing Spring embedded WebApplicationContext
&amp#27;[2m2025-04-07T18:37:17.580+01:00&amp#27;[0;39m &amp#27;[32m INFO&amp#27;[0;39m &amp#27;[35m26306&amp#27;[0;39m &amp#27;[2m---&amp#27;[0;39m &amp#27;[2m[           main]&amp#27;[0;39m &amp#27;[36mw.s.c.ServletWebServerApplicationContext&amp#27;[0;39m &amp#27;[2m:&amp#27;[0;39m Root WebApplicationContext: initialization completed in 1039 ms
&amp#27;[2m2025-04-07T18:37:17.748+01:00&amp#27;[0;39m &amp#27;[32m INFO&amp#27;[0;39m &amp#27;[35m26306&amp#27;[0;39m &amp#27;[2m---&amp#27;[0;39m &amp#27;[2m[           main]&amp#27;[0;39m &amp#27;[36mo.hibernate.jpa.internal.util.LogHelper &amp#27;[0;39m &amp#27;[2m:&amp#27;[0;39m HHH000204: Processing PersistenceUnitInfo [name: default]
&amp#27;[2m2025-04-07T18:37:17.798+01:00&amp#27;[0;39m &amp#27;[32m INFO&amp#27;[0;39m &amp#27;[35m26306&amp#27;[0;39m &amp#27;[2m---&amp#27;[0;39m &amp#27;[2m[           main]&amp#27;[0;39m &amp#27;[36morg.hibernate.Version                   &amp#27;[0;39m &amp#27;[2m:&amp#27;[0;39m HHH000412: Hibernate ORM core version 6.2.9.Final
&amp#27;[2m2025-04-07T18:37:17.800+01:00&amp#27;[0;39m &amp#27;[32m INFO&amp#27;[0;39m &amp#27;[35m26306&amp#27;[0;39m &amp#27;[2m---&amp#27;[0;39m &amp#27;[2m[           main]&amp#27;[0;39m &amp#27;[36morg.hibernate.cfg.Environment           &amp#27;[0;39m &amp#27;[2m:&amp#27;[0;39m HHH000406: Using bytecode reflection optimizer
&amp#27;[2m2025-04-07T18:37:17.901+01:00&amp#27;[0;39m &amp#27;[32m INFO&amp#27;[0;39m &amp#27;[35m26306&amp#27;[0;39m &amp#27;[2m---&amp#27;[0;39m &amp#27;[2m[           main]&amp#27;[0;39m &amp#27;[36mo.h.b.i.BytecodeProviderInitiator       &amp#27;[0;39m &amp#27;[2m:&amp#27;[0;39m HHH000021: Bytecode provider name : bytebuddy
&amp#27;[2m2025-04-07T18:37:18.007+01:00&amp#27;[0;39m &amp#27;[32m INFO&amp#27;[0;39m &amp#27;[35m26306&amp#27;[0;39m &amp#27;[2m---&amp#27;[0;39m &amp#27;[2m[           main]&amp#27;[0;39m &amp#27;[36mo.s.o.j.p.SpringPersistenceUnitInfo     &amp#27;[0;39m &amp#27;[2m:&amp#27;[0;39m No LoadTimeWeaver setup: ignoring JPA class transformer
&amp#27;[2m2025-04-07T18:37:18.021+01:00&amp#27;[0;39m &amp#27;[32m INFO&amp#27;[0;39m &amp#27;[35m26306&amp#27;[0;39m &amp#27;[2m---&amp#27;[0;39m &amp#27;[2m[           main]&amp#27;[0;39m &amp#27;[36mcom.zaxxer.hikari.HikariDataSource      &amp#27;[0;39m &amp#27;[2m:&amp#27;[0;39m HikariPool-1 - Starting...
&amp#27;[2m2025-04-07T18:37:18.236+01:00&amp#27;[0;39m &amp#27;[32m INFO&amp#27;[0;39m &amp#27;[35m26306&amp#27;[0;39m &amp#27;[2m---&amp#27;[0;39m &amp#27;[2m[           main]&amp#27;[0;39m &amp#27;[36mcom.zaxxer.hikari.pool.HikariPool       &amp#27;[0;39m &amp#27;[2m:&amp#27;[0;39m HikariPool-1 - Added connection conn0: url=jdbc:h2:mem:productdb user=SA
&amp#27;[2m2025-04-07T18:37:18.238+01:00&amp#27;[0;39m &amp#27;[32m INFO&amp#27;[0;39m &amp#27;[35m26306&amp#27;[0;39m &amp#27;[2m---&amp#27;[0;39m &amp#27;[2m[           main]&amp#27;[0;39m &amp#27;[36mcom.zaxxer.hikari.HikariDataSource      &amp#27;[0;39m &amp#27;[2m:&amp#27;[0;39m HikariPool-1 - Start completed.
&amp#27;[2m2025-04-07T18:37:18.405+01:00&amp#27;[0;39m &amp#27;[32m INFO&amp#27;[0;39m &amp#27;[35m26306&amp#27;[0;39m &amp#27;[2m---&amp#27;[0;39m &amp#27;[2m[           main]&amp#27;[0;39m &amp#27;[36mo.h.b.i.BytecodeProviderInitiator       &amp#27;[0;39m &amp#27;[2m:&amp#27;[0;39m HHH000021: Bytecode provider name : bytebuddy
&amp#27;[2m2025-04-07T18:37:18.870+01:00&amp#27;[0;39m &amp#27;[32m INFO&amp#27;[0;39m &amp#27;[35m26306&amp#27;[0;39m &amp#27;[2m---&amp#27;[0;39m &amp#27;[2m[           main]&amp#27;[0;39m &amp#27;[36mo.h.e.t.j.p.i.JtaPlatformInitiator      &amp#27;[0;39m &amp#27;[2m:&amp#27;[0;39m HHH000490: Using JtaPlatform implementation: [org.hibernate.engine.transaction.jta.platform.internal.NoJtaPlatform]
&amp#27;[2m2025-04-07T18:37:18.918+01:00&amp#27;[0;39m &amp#27;[32m INFO&amp#27;[0;39m &amp#27;[35m26306&amp#27;[0;39m &amp#27;[2m---&amp#27;[0;39m &amp#27;[2m[           main]&amp#27;[0;39m &amp#27;[36mj.LocalContainerEntityManagerFactoryBean&amp#27;[0;39m &amp#27;[2m:&amp#27;[0;39m Initialized JPA EntityManagerFactory for persistence unit 'default'
&amp#27;[2m2025-04-07T18:37:19.167+01:00&amp#27;[0;39m &amp#27;[33m WARN&amp#27;[0;39m &amp#27;[35m26306&amp#27;[0;39m &amp#27;[2m---&amp#27;[0;39m &amp#27;[2m[           main]&amp#27;[0;39m &amp#27;[36mJpaBaseConfiguration$JpaWebConfiguration&amp#27;[0;39m &amp#27;[2m:&amp#27;[0;39m spring.jpa.open-in-view is enabled by default. Therefore, database queries may be performed during view rendering. Explicitly configure spring.jpa.open-in-view to disable this warning
&amp#27;[2m2025-04-07T18:37:19.451+01:00&amp#27;[0;39m &amp#27;[32m INFO&amp#27;[0;39m &amp#27;[35m26306&amp#27;[0;39m &amp#27;[2m---&amp#27;[0;39m &amp#27;[2m[           main]&amp#27;[0;39m &amp#27;[36mo.s.b.a.e.web.EndpointLinksResolver     &amp#27;[0;39m &amp#27;[2m:&amp#27;[0;39m Exposing 1 endpoint(s) beneath base path '/actuator'
&amp#27;[2m2025-04-07T18:37:19.519+01:00&amp#27;[0;39m &amp#27;[32m INFO&amp#27;[0;39m &amp#27;[35m26306&amp#27;[0;39m &amp#27;[2m---&amp#27;[0;39m &amp#27;[2m[           main]&amp#27;[0;39m &amp#27;[36mo.s.b.w.embedded.tomcat.TomcatWebServer &amp#27;[0;39m &amp#27;[2m:&amp#27;[0;39m Tomcat started on port(s): 51959 (http) with context path ''
&amp#27;[2m2025-04-07T18:37:19.532+01:00&amp#27;[0;39m &amp#27;[32m INFO&amp#27;[0;39m &amp#27;[35m26306&amp#27;[0;39m &amp#27;[2m---&amp#27;[0;39m &amp#27;[2m[           main]&amp#27;[0;39m &amp#27;[36mcom.tus.product.ProductE2ETest          &amp#27;[0;39m &amp#27;[2m:&amp#27;[0;39m Started ProductE2ETest in 3.235 seconds (process running for 4.138)
&amp#27;[2m2025-04-07T18:37:20.122+01:00&amp#27;[0;39m &amp#27;[32m INFO&amp#27;[0;39m &amp#27;[35m26306&amp#27;[0;39m &amp#27;[2m---&amp#27;[0;39m &amp#27;[2m[o-auto-1-exec-1]&amp#27;[0;39m &amp#27;[36mo.a.c.c.C.[Tomcat].[localhost].[/]      &amp#27;[0;39m &amp#27;[2m:&amp#27;[0;39m Initializing Spring DispatcherServlet 'dispatcherServlet'
&amp#27;[2m2025-04-07T18:37:20.122+01:00&amp#27;[0;39m &amp#27;[32m INFO&amp#27;[0;39m &amp#27;[35m26306&amp#27;[0;39m &amp#27;[2m---&amp#27;[0;39m &amp#27;[2m[o-auto-1-exec-1]&amp#27;[0;39m &amp#27;[36mo.s.web.servlet.DispatcherServlet       &amp#27;[0;39m &amp#27;[2m:&amp#27;[0;39m Initializing Servlet 'dispatcherServlet'
&amp#27;[2m2025-04-07T18:37:20.123+01:00&amp#27;[0;39m &amp#27;[32m INFO&amp#27;[0;39m &amp#27;[35m26306&amp#27;[0;39m &amp#27;[2m---&amp#27;[0;39m &amp#27;[2m[o-auto-1-exec-1]&amp#27;[0;39m &amp#27;[36mo.s.web.servlet.DispatcherServlet       &amp#27;[0;39m &amp#27;[2m:&amp#27;[0;39m Completed initialization in 1 ms
&amp#27;[2m2025-04-07T18:37:20.182+01:00&amp#27;[0;39m &amp#27;[32m INFO&amp#27;[0;39m &amp#27;[35m26306&amp#27;[0;39m &amp#27;[2m---&amp#27;[0;39m &amp#27;[2m[           main]&amp#27;[0;39m &amp#27;[36mo.apache.catalina.core.StandardService  &amp#27;[0;39m &amp#27;[2m:&amp#27;[0;39m Stopping service [Tomcat]
&amp#27;[2m2025-04-07T18:37:20.183+01:00&amp#27;[0;39m &amp#27;[32m INFO&amp#27;[0;39m &amp#27;[35m26306&amp#27;[0;39m &amp#27;[2m---&amp#27;[0;39m &amp#27;[2m[           main]&amp#27;[0;39m &amp#27;[36mo.a.c.c.C.[Tomcat].[localhost].[/]      &amp#27;[0;39m &amp#27;[2m:&amp#27;[0;39m Destroying Spring FrameworkServlet 'dispatcherServlet'
&amp#27;[2m2025-04-07T18:37:20.189+01:00&amp#27;[0;39m &amp#27;[32m INFO&amp#27;[0;39m &amp#27;[35m26306&amp#27;[0;39m &amp#27;[2m---&amp#27;[0;39m &amp#27;[2m[           main]&amp#27;[0;39m &amp#27;[36mj.LocalContainerEntityManagerFactoryBean&amp#27;[0;39m &amp#27;[2m:&amp#27;[0;39m Closing JPA EntityManagerFactory for persistence unit 'default'
&amp#27;[2m2025-04-07T18:37:20.190+01:00&amp#27;[0;39m &amp#27;[32m INFO&amp#27;[0;39m &amp#27;[35m26306&amp#27;[0;39m &amp#27;[2m---&amp#27;[0;39m &amp#27;[2m[           main]&amp#27;[0;39m &amp#27;[36mcom.zaxxer.hikari.HikariDataSource      &amp#27;[0;39m &amp#27;[2m:&amp#27;[0;39m HikariPool-1 - Shutdown initiated...
&amp#27;[2m2025-04-07T18:37:20.191+01:00&amp#27;[0;39m &amp#27;[32m INFO&amp#27;[0;39m &amp#27;[35m26306&amp#27;[0;39m &amp#27;[2m---&amp#27;[0;39m &amp#27;[2m[           main]&amp#27;[0;39m &amp#27;[36mcom.zaxxer.hikari.HikariDataSource      &amp#27;[0;39m &amp#27;[2m:&amp#27;[0;39m HikariPool-1 - Shutdown completed.
]]></system-out>
    <system-err><![CDATA[WARNING: A Java agent has been loaded dynamically (/Users/rushikesh/.m2/repository/net/bytebuddy/byte-buddy-agent/1.14.8/byte-buddy-agent-1.14.8.jar)
WARNING: If a serviceability tool is in use, please run with -XX:+EnableDynamicAgentLoading to hide this warning
WARNING: If a serviceability tool is not in use, please run with -Djdk.instrument.traceUsage for more information
WARNING: Dynamic loading of agents will be disallowed by default in a future release
]]></system-err>
  </testcase>
  <testcase name="testCreateProductE2E_WithValidCoupon" classname="com.tus.product.ProductE2ETest" time="0.076">
    <system-out><![CDATA[
  .   ____          _            __ _ _
 /\\ / ___'_ __ _ _(_)_ __  __ _ \ \ \ \
( ( )\___ | '_ | '_| | '_ \/ _` | \ \ \ \
 \\/  ___)| |_)| | | | | || (_| |  ) ) ) )
  '  |____| .__|_| |_|_| |_\__, | / / / /
 =========|_|==============|___/=/_/_/_/
&amp#27;[32m :: Spring Boot :: &amp#27;[39m              &amp#27;[2m (v3.1.4)&amp#27;[0;39m

&amp#27;[2m2025-04-07T18:37:20.214+01:00&amp#27;[0;39m &amp#27;[32m INFO&amp#27;[0;39m &amp#27;[35m26306&amp#27;[0;39m &amp#27;[2m---&amp#27;[0;39m &amp#27;[2m[           main]&amp#27;[0;39m &amp#27;[36mcom.tus.product.ProductE2ETest          &amp#27;[0;39m &amp#27;[2m:&amp#27;[0;39m Starting ProductE2ETest using Java 23.0.2 with PID 26306 (started by rushikesh in /Users/rushikesh/Desktop/Microservices/productservice)
&amp#27;[2m2025-04-07T18:37:20.214+01:00&amp#27;[0;39m &amp#27;[32m INFO&amp#27;[0;39m &amp#27;[35m26306&amp#27;[0;39m &amp#27;[2m---&amp#27;[0;39m &amp#27;[2m[           main]&amp#27;[0;39m &amp#27;[36mcom.tus.product.ProductE2ETest          &amp#27;[0;39m &amp#27;[2m:&amp#27;[0;39m No active profile set, falling back to 1 default profile: "default"
&amp#27;[2m2025-04-07T18:37:20.328+01:00&amp#27;[0;39m &amp#27;[32m INFO&amp#27;[0;39m &amp#27;[35m26306&amp#27;[0;39m &amp#27;[2m---&amp#27;[0;39m &amp#27;[2m[           main]&amp#27;[0;39m &amp#27;[36m.s.d.r.c.RepositoryConfigurationDelegate&amp#27;[0;39m &amp#27;[2m:&amp#27;[0;39m Bootstrapping Spring Data JPA repositories in DEFAULT mode.
&amp#27;[2m2025-04-07T18:37:20.332+01:00&amp#27;[0;39m &amp#27;[32m INFO&amp#27;[0;39m &amp#27;[35m26306&amp#27;[0;39m &amp#27;[2m---&amp#27;[0;39m &amp#27;[2m[           main]&amp#27;[0;39m &amp#27;[36m.s.d.r.c.RepositoryConfigurationDelegate&amp#27;[0;39m &amp#27;[2m:&amp#27;[0;39m Finished Spring Data repository scanning in 3 ms. Found 2 JPA repository interfaces.
&amp#27;[2m2025-04-07T18:37:20.373+01:00&amp#27;[0;39m &amp#27;[32m INFO&amp#27;[0;39m &amp#27;[35m26306&amp#27;[0;39m &amp#27;[2m---&amp#27;[0;39m &amp#27;[2m[           main]&amp#27;[0;39m &amp#27;[36mo.s.b.w.embedded.tomcat.TomcatWebServer &amp#27;[0;39m &amp#27;[2m:&amp#27;[0;39m Tomcat initialized with port(s): 0 (http)
&amp#27;[2m2025-04-07T18:37:20.374+01:00&amp#27;[0;39m &amp#27;[32m INFO&amp#27;[0;39m &amp#27;[35m26306&amp#27;[0;39m &amp#27;[2m---&amp#27;[0;39m &amp#27;[2m[           main]&amp#27;[0;39m &amp#27;[36mo.apache.catalina.core.StandardService  &amp#27;[0;39m &amp#27;[2m:&amp#27;[0;39m Starting service [Tomcat]
&amp#27;[2m2025-04-07T18:37:20.374+01:00&amp#27;[0;39m &amp#27;[32m INFO&amp#27;[0;39m &amp#27;[35m26306&amp#27;[0;39m &amp#27;[2m---&amp#27;[0;39m &amp#27;[2m[           main]&amp#27;[0;39m &amp#27;[36mo.apache.catalina.core.StandardEngine   &amp#27;[0;39m &amp#27;[2m:&amp#27;[0;39m Starting Servlet engine: [Apache Tomcat/10.1.13]
&amp#27;[2m2025-04-07T18:37:20.381+01:00&amp#27;[0;39m &amp#27;[32m INFO&amp#27;[0;39m &amp#27;[35m26306&amp#27;[0;39m &amp#27;[2m---&amp#27;[0;39m &amp#27;[2m[           main]&amp#27;[0;39m &amp#27;[36mo.a.c.c.C.[Tomcat].[localhost].[/]      &amp#27;[0;39m &amp#27;[2m:&amp#27;[0;39m Initializing Spring embedded WebApplicationContext
&amp#27;[2m2025-04-07T18:37:20.381+01:00&amp#27;[0;39m &amp#27;[32m INFO&amp#27;[0;39m &amp#27;[35m26306&amp#27;[0;39m &amp#27;[2m---&amp#27;[0;39m &amp#27;[2m[           main]&amp#27;[0;39m &amp#27;[36mw.s.c.ServletWebServerApplicationContext&amp#27;[0;39m &amp#27;[2m:&amp#27;[0;39m Root WebApplicationContext: initialization completed in 165 ms
&amp#27;[2m2025-04-07T18:37:20.412+01:00&amp#27;[0;39m &amp#27;[32m INFO&amp#27;[0;39m &amp#27;[35m26306&amp#27;[0;39m &amp#27;[2m---&amp#27;[0;39m &amp#27;[2m[           main]&amp#27;[0;39m &amp#27;[36mo.hibernate.jpa.internal.util.LogHelper &amp#27;[0;39m &amp#27;[2m:&amp#27;[0;39m HHH000204: Processing PersistenceUnitInfo [name: default]
&amp#27;[2m2025-04-07T18:37:20.414+01:00&amp#27;[0;39m &amp#27;[32m INFO&amp#27;[0;39m &amp#27;[35m26306&amp#27;[0;39m &amp#27;[2m---&amp#27;[0;39m &amp#27;[2m[           main]&amp#27;[0;39m &amp#27;[36mo.h.b.i.BytecodeProviderInitiator       &amp#27;[0;39m &amp#27;[2m:&amp#27;[0;39m HHH000021: Bytecode provider name : bytebuddy
&amp#27;[2m2025-04-07T18:37:20.414+01:00&amp#27;[0;39m &amp#27;[32m INFO&amp#27;[0;39m &amp#27;[35m26306&amp#27;[0;39m &amp#27;[2m---&amp#27;[0;39m &amp#27;[2m[           main]&amp#27;[0;39m &amp#27;[36mo.s.o.j.p.SpringPersistenceUnitInfo     &amp#27;[0;39m &amp#27;[2m:&amp#27;[0;39m No LoadTimeWeaver setup: ignoring JPA class transformer
&amp#27;[2m2025-04-07T18:37:20.414+01:00&amp#27;[0;39m &amp#27;[32m INFO&amp#27;[0;39m &amp#27;[35m26306&amp#27;[0;39m &amp#27;[2m---&amp#27;[0;39m &amp#27;[2m[           main]&amp#27;[0;39m &amp#27;[36mcom.zaxxer.hikari.HikariDataSource      &amp#27;[0;39m &amp#27;[2m:&amp#27;[0;39m HikariPool-2 - Starting...
&amp#27;[2m2025-04-07T18:37:20.415+01:00&amp#27;[0;39m &amp#27;[32m INFO&amp#27;[0;39m &amp#27;[35m26306&amp#27;[0;39m &amp#27;[2m---&amp#27;[0;39m &amp#27;[2m[           main]&amp#27;[0;39m &amp#27;[36mcom.zaxxer.hikari.pool.HikariPool       &amp#27;[0;39m &amp#27;[2m:&amp#27;[0;39m HikariPool-2 - Added connection conn10: url=jdbc:h2:mem:productdb user=SA
&amp#27;[2m2025-04-07T18:37:20.415+01:00&amp#27;[0;39m &amp#27;[32m INFO&amp#27;[0;39m &amp#27;[35m26306&amp#27;[0;39m &amp#27;[2m---&amp#27;[0;39m &amp#27;[2m[           main]&amp#27;[0;39m &amp#27;[36mcom.zaxxer.hikari.HikariDataSource      &amp#27;[0;39m &amp#27;[2m:&amp#27;[0;39m HikariPool-2 - Start completed.
&amp#27;[2m2025-04-07T18:37:20.419+01:00&amp#27;[0;39m &amp#27;[32m INFO&amp#27;[0;39m &amp#27;[35m26306&amp#27;[0;39m &amp#27;[2m---&amp#27;[0;39m &amp#27;[2m[           main]&amp#27;[0;39m &amp#27;[36mo.h.b.i.BytecodeProviderInitiator       &amp#27;[0;39m &amp#27;[2m:&amp#27;[0;39m HHH000021: Bytecode provider name : bytebuddy
&amp#27;[2m2025-04-07T18:37:20.447+01:00&amp#27;[0;39m &amp#27;[32m INFO&amp#27;[0;39m &amp#27;[35m26306&amp#27;[0;39m &amp#27;[2m---&amp#27;[0;39m &amp#27;[2m[           main]&amp#27;[0;39m &amp#27;[36mo.h.e.t.j.p.i.JtaPlatformInitiator      &amp#27;[0;39m &amp#27;[2m:&amp#27;[0;39m HHH000490: Using JtaPlatform implementation: [org.hibernate.engine.transaction.jta.platform.internal.NoJtaPlatform]
&amp#27;[2m2025-04-07T18:37:20.449+01:00&amp#27;[0;39m &amp#27;[32m INFO&amp#27;[0;39m &amp#27;[35m26306&amp#27;[0;39m &amp#27;[2m---&amp#27;[0;39m &amp#27;[2m[           main]&amp#27;[0;39m &amp#27;[36mj.LocalContainerEntityManagerFactoryBean&amp#27;[0;39m &amp#27;[2m:&amp#27;[0;39m Initialized JPA EntityManagerFactory for persistence unit 'default'
&amp#27;[2m2025-04-07T18:37:20.482+01:00&amp#27;[0;39m &amp#27;[33m WARN&amp#27;[0;39m &amp#27;[35m26306&amp#27;[0;39m &amp#27;[2m---&amp#27;[0;39m &amp#27;[2m[           main]&amp#27;[0;39m &amp#27;[36mJpaBaseConfiguration$JpaWebConfiguration&amp#27;[0;39m &amp#27;[2m:&amp#27;[0;39m spring.jpa.open-in-view is enabled by default. Therefore, database queries may be performed during view rendering. Explicitly configure spring.jpa.open-in-view to disable this warning
&amp#27;[2m2025-04-07T18:37:20.580+01:00&amp#27;[0;39m &amp#27;[32m INFO&amp#27;[0;39m &amp#27;[35m26306&amp#27;[0;39m &amp#27;[2m---&amp#27;[0;39m &amp#27;[2m[           main]&amp#27;[0;39m &amp#27;[36mo.s.b.a.e.web.EndpointLinksResolver     &amp#27;[0;39m &amp#27;[2m:&amp#27;[0;39m Exposing 1 endpoint(s) beneath base path '/actuator'
&amp#27;[2m2025-04-07T18:37:20.591+01:00&amp#27;[0;39m &amp#27;[32m INFO&amp#27;[0;39m &amp#27;[35m26306&amp#27;[0;39m &amp#27;[2m---&amp#27;[0;39m &amp#27;[2m[           main]&amp#27;[0;39m &amp#27;[36mo.s.b.w.embedded.tomcat.TomcatWebServer &amp#27;[0;39m &amp#27;[2m:&amp#27;[0;39m Tomcat started on port(s): 51962 (http) with context path ''
&amp#27;[2m2025-04-07T18:37:20.594+01:00&amp#27;[0;39m &amp#27;[32m INFO&amp#27;[0;39m &amp#27;[35m26306&amp#27;[0;39m &amp#27;[2m---&amp#27;[0;39m &amp#27;[2m[           main]&amp#27;[0;39m &amp#27;[36mcom.tus.product.ProductE2ETest          &amp#27;[0;39m &amp#27;[2m:&amp#27;[0;39m Started ProductE2ETest in 0.398 seconds (process running for 5.201)
&amp#27;[2m2025-04-07T18:37:20.631+01:00&amp#27;[0;39m &amp#27;[32m INFO&amp#27;[0;39m &amp#27;[35m26306&amp#27;[0;39m &amp#27;[2m---&amp#27;[0;39m &amp#27;[2m[o-auto-2-exec-1]&amp#27;[0;39m &amp#27;[36mo.a.c.c.C.[Tomcat].[localhost].[/]      &amp#27;[0;39m &amp#27;[2m:&amp#27;[0;39m Initializing Spring DispatcherServlet 'dispatcherServlet'
&amp#27;[2m2025-04-07T18:37:20.631+01:00&amp#27;[0;39m &amp#27;[32m INFO&amp#27;[0;39m &amp#27;[35m26306&amp#27;[0;39m &amp#27;[2m---&amp#27;[0;39m &amp#27;[2m[o-auto-2-exec-1]&amp#27;[0;39m &amp#27;[36mo.s.web.servlet.DispatcherServlet       &amp#27;[0;39m &amp#27;[2m:&amp#27;[0;39m Initializing Servlet 'dispatcherServlet'
&amp#27;[2m2025-04-07T18:37:20.632+01:00&amp#27;[0;39m &amp#27;[32m INFO&amp#27;[0;39m &amp#27;[35m26306&amp#27;[0;39m &amp#27;[2m---&amp#27;[0;39m &amp#27;[2m[o-auto-2-exec-1]&amp#27;[0;39m &amp#27;[36mo.s.web.servlet.DispatcherServlet       &amp#27;[0;39m &amp#27;[2m:&amp#27;[0;39m Completed initialization in 1 ms
&amp#27;[2m2025-04-07T18:37:20.667+01:00&amp#27;[0;39m &amp#27;[32m INFO&amp#27;[0;39m &amp#27;[35m26306&amp#27;[0;39m &amp#27;[2m---&amp#27;[0;39m &amp#27;[2m[           main]&amp#27;[0;39m &amp#27;[36mo.apache.catalina.core.StandardService  &amp#27;[0;39m &amp#27;[2m:&amp#27;[0;39m Stopping service [Tomcat]
&amp#27;[2m2025-04-07T18:37:20.667+01:00&amp#27;[0;39m &amp#27;[32m INFO&amp#27;[0;39m &amp#27;[35m26306&amp#27;[0;39m &amp#27;[2m---&amp#27;[0;39m &amp#27;[2m[           main]&amp#27;[0;39m &amp#27;[36mo.a.c.c.C.[Tomcat].[localhost].[/]      &amp#27;[0;39m &amp#27;[2m:&amp#27;[0;39m Destroying Spring FrameworkServlet 'dispatcherServlet'
&amp#27;[2m2025-04-07T18:37:20.670+01:00&amp#27;[0;39m &amp#27;[32m INFO&amp#27;[0;39m &amp#27;[35m26306&amp#27;[0;39m &amp#27;[2m---&amp#27;[0;39m &amp#27;[2m[           main]&amp#27;[0;39m &amp#27;[36mj.LocalContainerEntityManagerFactoryBean&amp#27;[0;39m &amp#27;[2m:&amp#27;[0;39m Closing JPA EntityManagerFactory for persistence unit 'default'
&amp#27;[2m2025-04-07T18:37:20.671+01:00&amp#27;[0;39m &amp#27;[32m INFO&amp#27;[0;39m &amp#27;[35m26306&amp#27;[0;39m &amp#27;[2m---&amp#27;[0;39m &amp#27;[2m[           main]&amp#27;[0;39m &amp#27;[36mcom.zaxxer.hikari.HikariDataSource      &amp#27;[0;39m &amp#27;[2m:&amp#27;[0;39m HikariPool-2 - Shutdown initiated...
&amp#27;[2m2025-04-07T18:37:20.672+01:00&amp#27;[0;39m &amp#27;[32m INFO&amp#27;[0;39m &amp#27;[35m26306&amp#27;[0;39m &amp#27;[2m---&amp#27;[0;39m &amp#27;[2m[           main]&amp#27;[0;39m &amp#27;[36mcom.zaxxer.hikari.HikariDataSource      &amp#27;[0;39m &amp#27;[2m:&amp#27;[0;39m HikariPool-2 - Shutdown completed.
]]></system-out>
  </testcase>
  <testcase name="testCreateProductE2E_WithInvalidCoupon" classname="com.tus.product.ProductE2ETest" time="0.046">
    <system-out><![CDATA[
  .   ____          _            __ _ _
 /\\ / ___'_ __ _ _(_)_ __  __ _ \ \ \ \
( ( )\___ | '_ | '_| | '_ \/ _` | \ \ \ \
 \\/  ___)| |_)| | | | | || (_| |  ) ) ) )
  '  |____| .__|_| |_|_| |_\__, | / / / /
 =========|_|==============|___/=/_/_/_/
&amp#27;[32m :: Spring Boot :: &amp#27;[39m              &amp#27;[2m (v3.1.4)&amp#27;[0;39m

&amp#27;[2m2025-04-07T18:37:20.686+01:00&amp#27;[0;39m &amp#27;[32m INFO&amp#27;[0;39m &amp#27;[35m26306&amp#27;[0;39m &amp#27;[2m---&amp#27;[0;39m &amp#27;[2m[           main]&amp#27;[0;39m &amp#27;[36mcom.tus.product.ProductE2ETest          &amp#27;[0;39m &amp#27;[2m:&amp#27;[0;39m Starting ProductE2ETest using Java 23.0.2 with PID 26306 (started by rushikesh in /Users/rushikesh/Desktop/Microservices/productservice)
&amp#27;[2m2025-04-07T18:37:20.686+01:00&amp#27;[0;39m &amp#27;[32m INFO&amp#27;[0;39m &amp#27;[35m26306&amp#27;[0;39m &amp#27;[2m---&amp#27;[0;39m &amp#27;[2m[           main]&amp#27;[0;39m &amp#27;[36mcom.tus.product.ProductE2ETest          &amp#27;[0;39m &amp#27;[2m:&amp#27;[0;39m No active profile set, falling back to 1 default profile: "default"
&amp#27;[2m2025-04-07T18:37:20.773+01:00&amp#27;[0;39m &amp#27;[32m INFO&amp#27;[0;39m &amp#27;[35m26306&amp#27;[0;39m &amp#27;[2m---&amp#27;[0;39m &amp#27;[2m[           main]&amp#27;[0;39m &amp#27;[36m.s.d.r.c.RepositoryConfigurationDelegate&amp#27;[0;39m &amp#27;[2m:&amp#27;[0;39m Bootstrapping Spring Data JPA repositories in DEFAULT mode.
&amp#27;[2m2025-04-07T18:37:20.777+01:00&amp#27;[0;39m &amp#27;[32m INFO&amp#27;[0;39m &amp#27;[35m26306&amp#27;[0;39m &amp#27;[2m---&amp#27;[0;39m &amp#27;[2m[           main]&amp#27;[0;39m &amp#27;[36m.s.d.r.c.RepositoryConfigurationDelegate&amp#27;[0;39m &amp#27;[2m:&amp#27;[0;39m Finished Spring Data repository scanning in 3 ms. Found 2 JPA repository interfaces.
&amp#27;[2m2025-04-07T18:37:20.804+01:00&amp#27;[0;39m &amp#27;[32m INFO&amp#27;[0;39m &amp#27;[35m26306&amp#27;[0;39m &amp#27;[2m---&amp#27;[0;39m &amp#27;[2m[           main]&amp#27;[0;39m &amp#27;[36mo.s.b.w.embedded.tomcat.TomcatWebServer &amp#27;[0;39m &amp#27;[2m:&amp#27;[0;39m Tomcat initialized with port(s): 0 (http)
&amp#27;[2m2025-04-07T18:37:20.804+01:00&amp#27;[0;39m &amp#27;[32m INFO&amp#27;[0;39m &amp#27;[35m26306&amp#27;[0;39m &amp#27;[2m---&amp#27;[0;39m &amp#27;[2m[           main]&amp#27;[0;39m &amp#27;[36mo.apache.catalina.core.StandardService  &amp#27;[0;39m &amp#27;[2m:&amp#27;[0;39m Starting service [Tomcat]
&amp#27;[2m2025-04-07T18:37:20.804+01:00&amp#27;[0;39m &amp#27;[32m INFO&amp#27;[0;39m &amp#27;[35m26306&amp#27;[0;39m &amp#27;[2m---&amp#27;[0;39m &amp#27;[2m[           main]&amp#27;[0;39m &amp#27;[36mo.apache.catalina.core.StandardEngine   &amp#27;[0;39m &amp#27;[2m:&amp#27;[0;39m Starting Servlet engine: [Apache Tomcat/10.1.13]
&amp#27;[2m2025-04-07T18:37:20.810+01:00&amp#27;[0;39m &amp#27;[32m INFO&amp#27;[0;39m &amp#27;[35m26306&amp#27;[0;39m &amp#27;[2m---&amp#27;[0;39m &amp#27;[2m[           main]&amp#27;[0;39m &amp#27;[36mo.a.c.c.C.[Tomcat].[localhost].[/]      &amp#27;[0;39m &amp#27;[2m:&amp#27;[0;39m Initializing Spring embedded WebApplicationContext
&amp#27;[2m2025-04-07T18:37:20.811+01:00&amp#27;[0;39m &amp#27;[32m INFO&amp#27;[0;39m &amp#27;[35m26306&amp#27;[0;39m &amp#27;[2m---&amp#27;[0;39m &amp#27;[2m[           main]&amp#27;[0;39m &amp#27;[36mw.s.c.ServletWebServerApplicationContext&amp#27;[0;39m &amp#27;[2m:&amp#27;[0;39m Root WebApplicationContext: initialization completed in 124 ms
&amp#27;[2m2025-04-07T18:37:20.834+01:00&amp#27;[0;39m &amp#27;[32m INFO&amp#27;[0;39m &amp#27;[35m26306&amp#27;[0;39m &amp#27;[2m---&amp#27;[0;39m &amp#27;[2m[           main]&amp#27;[0;39m &amp#27;[36mo.hibernate.jpa.internal.util.LogHelper &amp#27;[0;39m &amp#27;[2m:&amp#27;[0;39m HHH000204: Processing PersistenceUnitInfo [name: default]
&amp#27;[2m2025-04-07T18:37:20.836+01:00&amp#27;[0;39m &amp#27;[32m INFO&amp#27;[0;39m &amp#27;[35m26306&amp#27;[0;39m &amp#27;[2m---&amp#27;[0;39m &amp#27;[2m[           main]&amp#27;[0;39m &amp#27;[36mo.h.b.i.BytecodeProviderInitiator       &amp#27;[0;39m &amp#27;[2m:&amp#27;[0;39m HHH000021: Bytecode provider name : bytebuddy
&amp#27;[2m2025-04-07T18:37:20.836+01:00&amp#27;[0;39m &amp#27;[32m INFO&amp#27;[0;39m &amp#27;[35m26306&amp#27;[0;39m &amp#27;[2m---&amp#27;[0;39m &amp#27;[2m[           main]&amp#27;[0;39m &amp#27;[36mo.s.o.j.p.SpringPersistenceUnitInfo     &amp#27;[0;39m &amp#27;[2m:&amp#27;[0;39m No LoadTimeWeaver setup: ignoring JPA class transformer
&amp#27;[2m2025-04-07T18:37:20.836+01:00&amp#27;[0;39m &amp#27;[32m INFO&amp#27;[0;39m &amp#27;[35m26306&amp#27;[0;39m &amp#27;[2m---&amp#27;[0;39m &amp#27;[2m[           main]&amp#27;[0;39m &amp#27;[36mcom.zaxxer.hikari.HikariDataSource      &amp#27;[0;39m &amp#27;[2m:&amp#27;[0;39m HikariPool-3 - Starting...
&amp#27;[2m2025-04-07T18:37:20.837+01:00&amp#27;[0;39m &amp#27;[32m INFO&amp#27;[0;39m &amp#27;[35m26306&amp#27;[0;39m &amp#27;[2m---&amp#27;[0;39m &amp#27;[2m[           main]&amp#27;[0;39m &amp#27;[36mcom.zaxxer.hikari.pool.HikariPool       &amp#27;[0;39m &amp#27;[2m:&amp#27;[0;39m HikariPool-3 - Added connection conn20: url=jdbc:h2:mem:productdb user=SA
&amp#27;[2m2025-04-07T18:37:20.837+01:00&amp#27;[0;39m &amp#27;[32m INFO&amp#27;[0;39m &amp#27;[35m26306&amp#27;[0;39m &amp#27;[2m---&amp#27;[0;39m &amp#27;[2m[           main]&amp#27;[0;39m &amp#27;[36mcom.zaxxer.hikari.HikariDataSource      &amp#27;[0;39m &amp#27;[2m:&amp#27;[0;39m HikariPool-3 - Start completed.
&amp#27;[2m2025-04-07T18:37:20.841+01:00&amp#27;[0;39m &amp#27;[32m INFO&amp#27;[0;39m &amp#27;[35m26306&amp#27;[0;39m &amp#27;[2m---&amp#27;[0;39m &amp#27;[2m[           main]&amp#27;[0;39m &amp#27;[36mo.h.b.i.BytecodeProviderInitiator       &amp#27;[0;39m &amp#27;[2m:&amp#27;[0;39m HHH000021: Bytecode provider name : bytebuddy
&amp#27;[2m2025-04-07T18:37:20.865+01:00&amp#27;[0;39m &amp#27;[32m INFO&amp#27;[0;39m &amp#27;[35m26306&amp#27;[0;39m &amp#27;[2m---&amp#27;[0;39m &amp#27;[2m[           main]&amp#27;[0;39m &amp#27;[36mo.h.e.t.j.p.i.JtaPlatformInitiator      &amp#27;[0;39m &amp#27;[2m:&amp#27;[0;39m HHH000490: Using JtaPlatform implementation: [org.hibernate.engine.transaction.jta.platform.internal.NoJtaPlatform]
&amp#27;[2m2025-04-07T18:37:20.866+01:00&amp#27;[0;39m &amp#27;[32m INFO&amp#27;[0;39m &amp#27;[35m26306&amp#27;[0;39m &amp#27;[2m---&amp#27;[0;39m &amp#27;[2m[           main]&amp#27;[0;39m &amp#27;[36mj.LocalContainerEntityManagerFactoryBean&amp#27;[0;39m &amp#27;[2m:&amp#27;[0;39m Initialized JPA EntityManagerFactory for persistence unit 'default'
&amp#27;[2m2025-04-07T18:37:20.892+01:00&amp#27;[0;39m &amp#27;[33m WARN&amp#27;[0;39m &amp#27;[35m26306&amp#27;[0;39m &amp#27;[2m---&amp#27;[0;39m &amp#27;[2m[           main]&amp#27;[0;39m &amp#27;[36mJpaBaseConfiguration$JpaWebConfiguration&amp#27;[0;39m &amp#27;[2m:&amp#27;[0;39m spring.jpa.open-in-view is enabled by default. Therefore, database queries may be performed during view rendering. Explicitly configure spring.jpa.open-in-view to disable this warning
&amp#27;[2m2025-04-07T18:37:20.932+01:00&amp#27;[0;39m &amp#27;[32m INFO&amp#27;[0;39m &amp#27;[35m26306&amp#27;[0;39m &amp#27;[2m---&amp#27;[0;39m &amp#27;[2m[           main]&amp#27;[0;39m &amp#27;[36mo.s.b.a.e.web.EndpointLinksResolver     &amp#27;[0;39m &amp#27;[2m:&amp#27;[0;39m Exposing 1 endpoint(s) beneath base path '/actuator'
&amp#27;[2m2025-04-07T18:37:20.940+01:00&amp#27;[0;39m &amp#27;[32m INFO&amp#27;[0;39m &amp#27;[35m26306&amp#27;[0;39m &amp#27;[2m---&amp#27;[0;39m &amp#27;[2m[           main]&amp#27;[0;39m &amp#27;[36mo.s.b.w.embedded.tomcat.TomcatWebServer &amp#27;[0;39m &amp#27;[2m:&amp#27;[0;39m Tomcat started on port(s): 51965 (http) with context path ''
&amp#27;[2m2025-04-07T18:37:20.944+01:00&amp#27;[0;39m &amp#27;[32m INFO&amp#27;[0;39m &amp#27;[35m26306&amp#27;[0;39m &amp#27;[2m---&amp#27;[0;39m &amp#27;[2m[           main]&amp#27;[0;39m &amp#27;[36mcom.tus.product.ProductE2ETest          &amp#27;[0;39m &amp#27;[2m:&amp#27;[0;39m Started ProductE2ETest in 0.269 seconds (process running for 5.551)
&amp#27;[2m2025-04-07T18:37:20.960+01:00&amp#27;[0;39m &amp#27;[32m INFO&amp#27;[0;39m &amp#27;[35m26306&amp#27;[0;39m &amp#27;[2m---&amp#27;[0;39m &amp#27;[2m[o-auto-3-exec-1]&amp#27;[0;39m &amp#27;[36mo.a.c.c.C.[Tomcat].[localhost].[/]      &amp#27;[0;39m &amp#27;[2m:&amp#27;[0;39m Initializing Spring DispatcherServlet 'dispatcherServlet'
&amp#27;[2m2025-04-07T18:37:20.960+01:00&amp#27;[0;39m &amp#27;[32m INFO&amp#27;[0;39m &amp#27;[35m26306&amp#27;[0;39m &amp#27;[2m---&amp#27;[0;39m &amp#27;[2m[o-auto-3-exec-1]&amp#27;[0;39m &amp#27;[36mo.s.web.servlet.DispatcherServlet       &amp#27;[0;39m &amp#27;[2m:&amp#27;[0;39m Initializing Servlet 'dispatcherServlet'
&amp#27;[2m2025-04-07T18:37:20.961+01:00&amp#27;[0;39m &amp#27;[32m INFO&amp#27;[0;39m &amp#27;[35m26306&amp#27;[0;39m &amp#27;[2m---&amp#27;[0;39m &amp#27;[2m[o-auto-3-exec-1]&amp#27;[0;39m &amp#27;[36mo.s.web.servlet.DispatcherServlet       &amp#27;[0;39m &amp#27;[2m:&amp#27;[0;39m Completed initialization in 1 ms
&amp#27;[2m2025-04-07T18:37:20.984+01:00&amp#27;[0;39m &amp#27;[32m INFO&amp#27;[0;39m &amp#27;[35m26306&amp#27;[0;39m &amp#27;[2m---&amp#27;[0;39m &amp#27;[2m[           main]&amp#27;[0;39m &amp#27;[36mo.apache.catalina.core.StandardService  &amp#27;[0;39m &amp#27;[2m:&amp#27;[0;39m Stopping service [Tomcat]
&amp#27;[2m2025-04-07T18:37:20.984+01:00&amp#27;[0;39m &amp#27;[32m INFO&amp#27;[0;39m &amp#27;[35m26306&amp#27;[0;39m &amp#27;[2m---&amp#27;[0;39m &amp#27;[2m[           main]&amp#27;[0;39m &amp#27;[36mo.a.c.c.C.[Tomcat].[localhost].[/]      &amp#27;[0;39m &amp#27;[2m:&amp#27;[0;39m Destroying Spring FrameworkServlet 'dispatcherServlet'
&amp#27;[2m2025-04-07T18:37:20.986+01:00&amp#27;[0;39m &amp#27;[32m INFO&amp#27;[0;39m &amp#27;[35m26306&amp#27;[0;39m &amp#27;[2m---&amp#27;[0;39m &amp#27;[2m[           main]&amp#27;[0;39m &amp#27;[36mj.LocalContainerEntityManagerFactoryBean&amp#27;[0;39m &amp#27;[2m:&amp#27;[0;39m Closing JPA EntityManagerFactory for persistence unit 'default'
&amp#27;[2m2025-04-07T18:37:20.986+01:00&amp#27;[0;39m &amp#27;[32m INFO&amp#27;[0;39m &amp#27;[35m26306&amp#27;[0;39m &amp#27;[2m---&amp#27;[0;39m &amp#27;[2m[           main]&amp#27;[0;39m &amp#27;[36mcom.zaxxer.hikari.HikariDataSource      &amp#27;[0;39m &amp#27;[2m:&amp#27;[0;39m HikariPool-3 - Shutdown initiated...
&amp#27;[2m2025-04-07T18:37:20.992+01:00&amp#27;[0;39m &amp#27;[32m INFO&amp#27;[0;39m &amp#27;[35m26306&amp#27;[0;39m &amp#27;[2m---&amp#27;[0;39m &amp#27;[2m[           main]&amp#27;[0;39m &amp#27;[36mcom.zaxxer.hikari.HikariDataSource      &amp#27;[0;39m &amp#27;[2m:&amp#27;[0;39m HikariPool-3 - Shutdown completed.
]]></system-out>
  </testcase>
</testsuite>